c:\users\yello\source\repos\proyekduaoop\proyekduaoop\debug\vc142.pdb
c:\users\yello\source\repos\proyekduaoop\proyekduaoop\debug\vc142.idb
c:\users\yello\source\repos\proyekduaoop\proyekduaoop\debug\stat.obj
c:\users\yello\source\repos\proyekduaoop\proyekduaoop\debug\shop.obj
c:\users\yello\source\repos\proyekduaoop\proyekduaoop\debug\role.obj
c:\users\yello\source\repos\proyekduaoop\proyekduaoop\debug\rect.obj
c:\users\yello\source\repos\proyekduaoop\proyekduaoop\debug\money.obj
c:\users\yello\source\repos\proyekduaoop\proyekduaoop\debug\map.obj
c:\users\yello\source\repos\proyekduaoop\proyekduaoop\debug\main.obj
c:\users\yello\source\repos\proyekduaoop\proyekduaoop\debug\item.obj
c:\users\yello\source\repos\proyekduaoop\proyekduaoop\debug\event.obj
c:\users\yello\source\repos\proyekduaoop\proyekduaoop\debug\equipment.obj
c:\users\yello\source\repos\proyekduaoop\proyekduaoop\debug\entity.obj
c:\users\yello\source\repos\proyekduaoop\proyekduaoop\debug\enemy.obj
c:\users\yello\source\repos\proyekduaoop\proyekduaoop\debug\dice.obj
c:\users\yello\source\repos\proyekduaoop\proyekduaoop\debug\bag.obj
c:\users\yello\source\repos\proyekduaoop\debug\proyekduaoop.pdb
c:\users\yello\source\repos\proyekduaoop\proyekduaoop\debug\proyekduaoop.tlog\cl.command.1.tlog
c:\users\yello\source\repos\proyekduaoop\proyekduaoop\debug\proyekduaoop.tlog\cl.read.1.tlog
c:\users\yello\source\repos\proyekduaoop\proyekduaoop\debug\proyekduaoop.tlog\cl.write.1.tlog
c:\users\yello\source\repos\proyekduaoop\proyekduaoop\debug\proyekduaoop.tlog\link-cvtres.read.1.tlog
c:\users\yello\source\repos\proyekduaoop\proyekduaoop\debug\proyekduaoop.tlog\link-cvtres.write.1.tlog
c:\users\yello\source\repos\proyekduaoop\proyekduaoop\debug\proyekduaoop.tlog\link-rc.read.1.tlog
c:\users\yello\source\repos\proyekduaoop\proyekduaoop\debug\proyekduaoop.tlog\link-rc.write.1.tlog
c:\users\yello\source\repos\proyekduaoop\proyekduaoop\debug\proyekduaoop.tlog\link.command.1.tlog
c:\users\yello\source\repos\proyekduaoop\proyekduaoop\debug\proyekduaoop.tlog\link.read.1.tlog
c:\users\yello\source\repos\proyekduaoop\proyekduaoop\debug\proyekduaoop.tlog\link.write.1.tlog
