c:\users\admin\downloads\projectoop2-main (1)\projectoop2-main\proyekduaoop\x64\debug\vc142.pdb
c:\users\admin\downloads\projectoop2-main (1)\projectoop2-main\proyekduaoop\x64\debug\vc142.idb
c:\users\admin\downloads\projectoop2-main (1)\projectoop2-main\proyekduaoop\x64\debug\stat.obj
c:\users\admin\downloads\projectoop2-main (1)\projectoop2-main\proyekduaoop\x64\debug\shop.obj
c:\users\admin\downloads\projectoop2-main (1)\projectoop2-main\proyekduaoop\x64\debug\role.obj
c:\users\admin\downloads\projectoop2-main (1)\projectoop2-main\proyekduaoop\x64\debug\rect.obj
c:\users\admin\downloads\projectoop2-main (1)\projectoop2-main\proyekduaoop\x64\debug\money.obj
c:\users\admin\downloads\projectoop2-main (1)\projectoop2-main\proyekduaoop\x64\debug\map.obj
c:\users\admin\downloads\projectoop2-main (1)\projectoop2-main\proyekduaoop\x64\debug\main.obj
c:\users\admin\downloads\projectoop2-main (1)\projectoop2-main\proyekduaoop\x64\debug\item.obj
c:\users\admin\downloads\projectoop2-main (1)\projectoop2-main\proyekduaoop\x64\debug\event.obj
c:\users\admin\downloads\projectoop2-main (1)\projectoop2-main\proyekduaoop\x64\debug\equipment.obj
c:\users\admin\downloads\projectoop2-main (1)\projectoop2-main\proyekduaoop\x64\debug\entity.obj
c:\users\admin\downloads\projectoop2-main (1)\projectoop2-main\proyekduaoop\x64\debug\enemy.obj
c:\users\admin\downloads\projectoop2-main (1)\projectoop2-main\proyekduaoop\x64\debug\draw.obj
c:\users\admin\downloads\projectoop2-main (1)\projectoop2-main\proyekduaoop\x64\debug\dice.obj
c:\users\admin\downloads\projectoop2-main (1)\projectoop2-main\proyekduaoop\x64\debug\bag.obj
c:\users\yello\downloads\projectoop2-main\projectoop2-main\proyekduaoop\x64\debug\vc142.pdb
c:\users\yello\downloads\projectoop2-main\projectoop2-main\proyekduaoop\x64\debug\vc142.idb
c:\users\yello\downloads\projectoop2-main\projectoop2-main\proyekduaoop\x64\debug\role.obj
c:\users\yello\downloads\projectoop2-main\projectoop2-main\proyekduaoop\x64\debug\rect.obj
c:\users\yello\downloads\projectoop2-main\projectoop2-main\proyekduaoop\x64\debug\money.obj
c:\users\yello\downloads\projectoop2-main\projectoop2-main\proyekduaoop\x64\debug\item.obj
c:\users\yello\downloads\projectoop2-main\projectoop2-main\proyekduaoop\x64\debug\event.obj
c:\users\yello\downloads\projectoop2-main\projectoop2-main\proyekduaoop\x64\debug\equipment.obj
c:\users\yello\downloads\projectoop2-main\projectoop2-main\proyekduaoop\x64\debug\entity.obj
c:\users\yello\downloads\projectoop2-main\projectoop2-main\proyekduaoop\x64\debug\enemy.obj
c:\users\yello\downloads\projectoop2-main\projectoop2-main\proyekduaoop\x64\debug\draw.obj
c:\users\yello\downloads\projectoop2-main\projectoop2-main\proyekduaoop\x64\debug\bag.obj
c:\users\yello\downloads\projectoop2-main\projectoop2-main\proyekduaoop\x64\debug\shop.obj
c:\users\yello\downloads\projectoop2-main\projectoop2-main\proyekduaoop\x64\debug\map.obj
c:\users\yello\downloads\projectoop2-main\projectoop2-main\proyekduaoop\x64\debug\main.obj
c:\users\yello\downloads\projectoop2-main\projectoop2-main\proyekduaoop\x64\debug\dice.obj
c:\users\yello\downloads\projectoop2-main\projectoop2-main\proyekduaoop\x64\debug\stat.obj
c:\users\admin\downloads\projectoop2-main (1)\projectoop2-main\x64\debug\proyekduaoop.exe
c:\users\admin\downloads\projectoop2-main (1)\projectoop2-main\proyekduaoop\x64\debug\proyekduaoop.ilk
c:\users\admin\downloads\projectoop2-main (1)\projectoop2-main\x64\debug\proyekduaoop.pdb
c:\users\yello\downloads\projectoop2-main\projectoop2-main\proyekduaoop\x64\debug\proyekduaoop.ilk
c:\users\yello\downloads\projectoop2-main\projectoop2-main\x64\debug\proyekduaoop.exe
c:\users\yello\downloads\projectoop2-main\projectoop2-main\x64\debug\proyekduaoop.pdb
c:\users\yello\downloads\projectoop2-main\projectoop2-main\proyekduaoop\x64\debug\proyekduaoop.tlog\cl.command.1.tlog
c:\users\yello\downloads\projectoop2-main\projectoop2-main\proyekduaoop\x64\debug\proyekduaoop.tlog\cl.read.1.tlog
c:\users\yello\downloads\projectoop2-main\projectoop2-main\proyekduaoop\x64\debug\proyekduaoop.tlog\cl.write.1.tlog
c:\users\yello\downloads\projectoop2-main\projectoop2-main\proyekduaoop\x64\debug\proyekduaoop.tlog\link.command.1.tlog
c:\users\yello\downloads\projectoop2-main\projectoop2-main\proyekduaoop\x64\debug\proyekduaoop.tlog\link.read.1.tlog
c:\users\yello\downloads\projectoop2-main\projectoop2-main\proyekduaoop\x64\debug\proyekduaoop.tlog\link.write.1.tlog
